<?xml version="1.0" encoding="UTF-8"?><testsuite errors="0" failures="0" name="com.bestbuy.crudtest.ProductCRUDTest" skipped="0" tests="4" time="5.13" timestamp="2023-06-06T22:25:52.304+01:00[Europe/London]"><testcase classname="com.bestbuy.crudtest.ProductCRUDTest" name="Creating a new product."/><testcase classname="com.bestbuy.crudtest.ProductCRUDTest" name="Getting single product."/><testcase classname="com.bestbuy.crudtest.ProductCRUDTest" name="Updating the product."/><testcase classname="com.bestbuy.crudtest.ProductCRUDTest" name="Deleting the product and verifying the deletion."/></testsuite>